2026-02-02 12:11:20,977 - root - INFO - ================================================================================
2026-02-02 12:11:20,978 - root - INFO - STARTING ETL INGESTION
2026-02-02 12:11:20,978 - root - INFO - ================================================================================
2026-02-02 12:11:20,978 - root - INFO - [1/4] Creating database tables...
2026-02-02 12:11:20,980 - root - INFO - Tables ready
2026-02-02 12:11:20,981 - root - INFO - [2/4] Processing CSV data...
2026-02-02 12:11:21,577 - root - INFO - Processed 3364 players from 9 leagues
2026-02-02 12:11:21,577 - root - INFO - [3/4] Transforming data for database...
2026-02-02 12:11:21,995 - root - INFO -   - Processed 500 players...
2026-02-02 12:11:22,376 - root - INFO -   - Processed 1000 players...
2026-02-02 12:11:22,770 - root - INFO -   - Processed 1500 players...
2026-02-02 12:11:23,177 - root - INFO -   - Processed 2000 players...
2026-02-02 12:11:23,540 - root - INFO -   - Processed 2500 players...
2026-02-02 12:11:23,935 - root - INFO -   - Processed 3000 players...
2026-02-02 12:11:24,265 - root - INFO - Transformed 3364 players
2026-02-02 12:11:24,266 - root - INFO - [4/4] Verifying ingestion and creating summary...
2026-02-02 12:11:24,278 - root - INFO - Data summary saved to C:\Users\mjeni\OneDrive\Desktop\Own Projects\Scouting Dashboard\etl\data_summary.json
2026-02-02 12:11:24,286 - root - INFO - Database contains 3364 players across 9 leagues
2026-02-02 12:11:24,286 - root - INFO - ================================================================================
2026-02-02 12:11:24,286 - root - INFO - Ingested 3364 players into SQLite.
2026-02-02 12:11:24,287 - root - INFO - ================================================================================
2026-02-02 12:32:05,573 - root - INFO - ================================================================================
2026-02-02 12:32:05,574 - root - INFO - STARTING ETL INGESTION
2026-02-02 12:32:05,574 - root - INFO - ================================================================================
2026-02-02 12:32:05,574 - root - INFO - [1/4] Creating database tables...
2026-02-02 12:32:05,586 - root - INFO - Tables ready
2026-02-02 12:32:05,586 - root - INFO - [2/4] Processing CSV data...
2026-02-02 12:32:06,223 - root - INFO - Processed 3364 players from 9 leagues
2026-02-02 12:32:06,223 - root - INFO - [3/4] Transforming data for database...
2026-02-02 12:32:06,667 - root - INFO -   - Processed 500 players...
2026-02-02 12:32:07,015 - root - INFO -   - Processed 1000 players...
2026-02-02 12:32:07,350 - root - INFO -   - Processed 1500 players...
2026-02-02 12:32:07,688 - root - INFO -   - Processed 2000 players...
2026-02-02 12:32:08,035 - root - INFO -   - Processed 2500 players...
2026-02-02 12:32:08,392 - root - INFO -   - Processed 3000 players...
2026-02-02 12:32:08,659 - root - INFO - Transformed 3364 players
2026-02-02 12:32:08,659 - root - INFO - [4/4] Verifying ingestion and creating summary...
2026-02-02 12:32:08,673 - root - INFO - Data summary saved to C:\Users\mjeni\OneDrive\Desktop\Own Projects\Scouting Dashboard\etl\data_summary.json
2026-02-02 12:32:08,682 - root - INFO - Database contains 3364 players across 9 leagues
2026-02-02 12:32:08,682 - root - INFO - ================================================================================
2026-02-02 12:32:08,683 - root - INFO - Ingested 3364 players into SQLite.
2026-02-02 12:32:08,683 - root - INFO - ================================================================================
